# JRE version: OpenJDK Runtime Environment (8.0_242) (build 1.8.0_242-release-1644-b3-6222593)
# Java VM: OpenJDK 64-Bit Server VM (25.242-b3-6222593 mixed mode linux-amd64 compressed oops)
Heap:
 PSYoungGen      total 219648K, used 2304K [0x00000000e0000000, 0x00000000ee180000, 0x0000000100000000)
  eden space 208384K, 0% used [0x00000000e0000000,0x00000000e0000000,0x00000000ecb80000)
  from space 11264K, 20% used [0x00000000ecb80000,0x00000000ecdc0000,0x00000000ed680000)
  to   space 11264K, 0% used [0x00000000ed680000,0x00000000ed680000,0x00000000ee180000)
 ParOldGen       total 92160K, used 69274K [0x00000000a0000000, 0x00000000a5a00000, 0x00000000e0000000)
  object space 92160K, 75% used [0x00000000a0000000,0x00000000a43a69d8,0x00000000a5a00000)
 Metaspace       used 79592K, capacity 82830K, committed 83624K, reserved 1122304K
  class space    used 10510K, capacity 11164K, committed 11432K, reserved 1048576K
GC Heap History (10 events):
Event: 359.629 GC heap after
Heap after GC invocations=42 (full 4):
 PSYoungGen      total 153600K, used 6723K [0x00000000e0000000, 0x00000000ea700000, 0x0000000100000000)
  eden space 140800K, 0% used [0x00000000e0000000,0x00000000e0000000,0x00000000e8980000)
  from space 12800K, 52% used [0x00000000e9600000,0x00000000e9c90fb0,0x00000000ea280000)
  to   space 12800K, 0% used [0x00000000e8980000,0x00000000e8980000,0x00000000e9600000)
 ParOldGen       total 92160K, used 58192K [0x00000000a0000000, 0x00000000a5a00000, 0x00000000e0000000)
  object space 92160K, 63% used [0x00000000a0000000,0x00000000a38d41f0,0x00000000a5a00000)
 Metaspace       used 79109K, capacity 82446K, committed 83368K, reserved 1122304K
  class space    used 10504K, capacity 11160K, committed 11432K, reserved 1048576K
}
Event: 360.051 GC heap before
{Heap before GC invocations=43 (full 4):
 PSYoungGen      total 153600K, used 147523K [0x00000000e0000000, 0x00000000ea700000, 0x0000000100000000)
  eden space 140800K, 100% used [0x00000000e0000000,0x00000000e8980000,0x00000000e8980000)
  from space 12800K, 52% used [0x00000000e9600000,0x00000000e9c90fb0,0x00000000ea280000)
  to   space 12800K, 0% used [0x00000000e8980000,0x00000000e8980000,0x00000000e9600000)
 ParOldGen       total 92160K, used 58192K [0x00000000a0000000, 0x00000000a5a00000, 0x00000000e0000000)
  object space 92160K, 63% used [0x00000000a0000000,0x00000000a38d41f0,0x00000000a5a00000)
 Metaspace       used 79170K, capacity 82454K, committed 83368K, reserved 1122304K
  class space    used 10504K, capacity 11160K, committed 11432K, reserved 1048576K
Event: 360.062 GC heap after
Heap after GC invocations=43 (full 4):
 PSYoungGen      total 153600K, used 2346K [0x00000000e0000000, 0x00000000ec000000, 0x0000000100000000)
  eden space 140800K, 0% used [0x00000000e0000000,0x00000000e0000000,0x00000000e8980000)
  from space 12800K, 18% used [0x00000000e8980000,0x00000000e8bcab50,0x00000000e9600000)
  to   space 12800K, 0% used [0x00000000eb380000,0x00000000eb380000,0x00000000ec000000)
 ParOldGen       total 92160K, used 64434K [0x00000000a0000000, 0x00000000a5a00000, 0x00000000e0000000)
  object space 92160K, 69% used [0x00000000a0000000,0x00000000a3eec980,0x00000000a5a00000)
 Metaspace       used 79170K, capacity 82454K, committed 83368K, reserved 1122304K
  class space    used 10504K, capacity 11160K, committed 11432K, reserved 1048576K
}
Event: 360.476 GC heap before
{Heap before GC invocations=44 (full 4):
 PSYoungGen      total 153600K, used 143146K [0x00000000e0000000, 0x00000000ec000000, 0x0000000100000000)
  eden space 140800K, 100% used [0x00000000e0000000,0x00000000e8980000,0x00000000e8980000)
  from space 12800K, 18% used [0x00000000e8980000,0x00000000e8bcab50,0x00000000e9600000)
  to   space 12800K, 0% used [0x00000000eb380000,0x00000000eb380000,0x00000000ec000000)
 ParOldGen       total 92160K, used 64434K [0x00000000a0000000, 0x00000000a5a00000, 0x00000000e0000000)
  object space 92160K, 69% used [0x00000000a0000000,0x00000000a3eec980,0x00000000a5a00000)
 Metaspace       used 79305K, capacity 82598K, committed 83624K, reserved 1122304K
  class space    used 10504K, capacity 11160K, committed 11432K, reserved 1048576K
Event: 360.486 GC heap after
Heap after GC invocations=44 (full 4):
 PSYoungGen      total 182784K, used 2259K [0x00000000e0000000, 0x00000000ebf00000, 0x0000000100000000)
  eden space 171008K, 0% used [0x00000000e0000000,0x00000000e0000000,0x00000000ea700000)
  from space 11776K, 19% used [0x00000000eb380000,0x00000000eb5b4e58,0x00000000ebf00000)
  to   space 12288K, 0% used [0x00000000ea700000,0x00000000ea700000,0x00000000eb300000)
 ParOldGen       total 92160K, used 65244K [0x00000000a0000000, 0x00000000a5a00000, 0x00000000e0000000)
  object space 92160K, 70% used [0x00000000a0000000,0x00000000a3fb7160,0x00000000a5a00000)
 Metaspace       used 79305K, capacity 82598K, committed 83624K, reserved 1122304K
  class space    used 10504K, capacity 11160K, committed 11432K, reserved 1048576K
}
Event: 363.247 GC heap before
{Heap before GC invocations=45 (full 4):
 PSYoungGen      total 182784K, used 173267K [0x00000000e0000000, 0x00000000ebf00000, 0x0000000100000000)
  eden space 171008K, 100% used [0x00000000e0000000,0x00000000ea700000,0x00000000ea700000)
  from space 11776K, 19% used [0x00000000eb380000,0x00000000eb5b4e58,0x00000000ebf00000)
  to   space 12288K, 0% used [0x00000000ea700000,0x00000000ea700000,0x00000000eb300000)
 ParOldGen       total 92160K, used 65244K [0x00000000a0000000, 0x00000000a5a00000, 0x00000000e0000000)
  object space 92160K, 70% used [0x00000000a0000000,0x00000000a3fb7160,0x00000000a5a00000)
 Metaspace       used 79461K, capacity 82762K, committed 83624K, reserved 1122304K
  class space    used 10508K, capacity 11164K, committed 11432K, reserved 1048576K
Event: 366.436 GC heap after
Heap after GC invocations=45 (full 4):
 PSYoungGen      total 183296K, used 4023K [0x00000000e0000000, 0x00000000ee200000, 0x0000000100000000)
  eden space 171008K, 0% used [0x00000000e0000000,0x00000000e0000000,0x00000000ea700000)
  from space 12288K, 32% used [0x00000000ea700000,0x00000000eaaede68,0x00000000eb300000)
  to   space 11776K, 0% used [0x00000000ed680000,0x00000000ed680000,0x00000000ee200000)
 ParOldGen       total 92160K, used 66738K [0x00000000a0000000, 0x00000000a5a00000, 0x00000000e0000000)
  object space 92160K, 72% used [0x00000000a0000000,0x00000000a412c9b0,0x00000000a5a00000)
 Metaspace       used 79461K, capacity 82762K, committed 83624K, reserved 1122304K
  class space    used 10508K, capacity 11164K, committed 11432K, reserved 1048576K
}
Event: 368.401 GC heap before
{Heap before GC invocations=46 (full 4):
 PSYoungGen      total 183296K, used 175031K [0x00000000e0000000, 0x00000000ee200000, 0x0000000100000000)
  eden space 171008K, 100% used [0x00000000e0000000,0x00000000ea700000,0x00000000ea700000)
  from space 12288K, 32% used [0x00000000ea700000,0x00000000eaaede68,0x00000000eb300000)
  to   space 11776K, 0% used [0x00000000ed680000,0x00000000ed680000,0x00000000ee200000)
 ParOldGen       total 92160K, used 66738K [0x00000000a0000000, 0x00000000a5a00000, 0x00000000e0000000)
  object space 92160K, 72% used [0x00000000a0000000,0x00000000a412c9b0,0x00000000a5a00000)
 Metaspace       used 79569K, capacity 82830K, committed 83624K, reserved 1122304K
  class space    used 10508K, capacity 11164K, committed 11432K, reserved 1048576K
Event: 376.339 GC heap after
Heap after GC invocations=46 (full 4):
 PSYoungGen      total 219648K, used 1248K [0x00000000e0000000, 0x00000000ee180000, 0x0000000100000000)
  eden space 208384K, 0% used [0x00000000e0000000,0x00000000e0000000,0x00000000ecb80000)
  from space 11264K, 11% used [0x00000000ed680000,0x00000000ed7b8000,0x00000000ee180000)
  to   space 11264K, 0% used [0x00000000ecb80000,0x00000000ecb80000,0x00000000ed680000)
 ParOldGen       total 92160K, used 68354K [0x00000000a0000000, 0x00000000a5a00000, 0x00000000e0000000)
  object space 92160K, 74% used [0x00000000a0000000,0x00000000a42c09d8,0x00000000a5a00000)
 Metaspace       used 79569K, capacity 82830K, committed 83624K, reserved 1122304K
  class space    used 10508K, capacity 11164K, committed 11432K, reserved 1048576K
}
Event: 393.114 GC heap before
{Heap before GC invocations=47 (full 4):
 PSYoungGen      total 219648K, used 209632K [0x00000000e0000000, 0x00000000ee180000, 0x0000000100000000)
  eden space 208384K, 100% used [0x00000000e0000000,0x00000000ecb80000,0x00000000ecb80000)
  from space 11264K, 11% used [0x00000000ed680000,0x00000000ed7b8000,0x00000000ee180000)
  to   space 11264K, 0% used [0x00000000ecb80000,0x00000000ecb80000,0x00000000ed680000)
 ParOldGen       total 92160K, used 68354K [0x00000000a0000000, 0x00000000a5a00000, 0x00000000e0000000)
  object space 92160K, 74% used [0x00000000a0000000,0x00000000a42c09d8,0x00000000a5a00000)
 Metaspace       used 79592K, capacity 82830K, committed 83624K, reserved 1122304K
  class space    used 10510K, capacity 11164K, committed 11432K, reserved 1048576K

